nohup: ignoring input
2026-04-07 17:31:11,100 [INFO] __main__: Database initialized.
2026-04-07 17:31:11,163 [INFO] apscheduler.scheduler: Adding job tentatively -- it will be properly scheduled when the scheduler starts
2026-04-07 17:31:11,163 [INFO] __main__: 🤖 Attendance Bot starting...
2026-04-07 17:31:11,163 [INFO] __main__:    Timezone: Asia/Tashkent
2026-04-07 17:31:11,163 [INFO] __main__:    Schedule: 
2026-04-07 17:31:11,163 [INFO] __main__:    Auto report at: 19:00
2026-04-07 17:31:11,163 [INFO] __main__:    Admin IDs (env): [5722465777]
2026-04-07 17:31:11,954 [INFO] httpx: HTTP Request: POST https://api.telegram.org/bot8340482546:AAFBsMQev3wuwj8gzOJL0r8-Vl8nN0SbwoA/getMe "HTTP/1.1 200 OK"
2026-04-07 17:31:12,060 [INFO] httpx: HTTP Request: POST https://api.telegram.org/bot8340482546:AAFBsMQev3wuwj8gzOJL0r8-Vl8nN0SbwoA/deleteWebhook "HTTP/1.1 200 OK"
2026-04-07 17:31:12,063 [INFO] apscheduler.scheduler: Added job "daily_report" to job store "default"
2026-04-07 17:31:12,063 [INFO] apscheduler.scheduler: Scheduler started
2026-04-07 17:31:12,063 [INFO] telegram.ext.Application: Application started
2026-04-07 17:31:23,029 [INFO] httpx: HTTP Request: POST https://api.telegram.org/bot8340482546:AAFBsMQev3wuwj8gzOJL0r8-Vl8nN0SbwoA/getUpdates "HTTP/1.1 200 OK"
2026-04-07 17:31:33,144 [INFO] httpx: HTTP Request: POST https://api.telegram.org/bot8340482546:AAFBsMQev3wuwj8gzOJL0r8-Vl8nN0SbwoA/getUpdates "HTTP/1.1 200 OK"
2026-04-07 17:31:43,662 [INFO] httpx: HTTP Request: POST https://api.telegram.org/bot8340482546:AAFBsMQev3wuwj8gzOJL0r8-Vl8nN0SbwoA/getUpdates "HTTP/1.1 200 OK"
2026-04-07 17:31:54,172 [INFO] httpx: HTTP Request: POST https://api.telegram.org/bot8340482546:AAFBsMQev3wuwj8gzOJL0r8-Vl8nN0SbwoA/getUpdates "HTTP/1.1 200 OK"
2026-04-07 17:31:59,374 [INFO] httpx: HTTP Request: POST https://api.telegram.org/bot8340482546:AAFBsMQev3wuwj8gzOJL0r8-Vl8nN0SbwoA/getUpdates "HTTP/1.1 409 Conflict"
2026-04-07 17:31:59,375 [ERROR] telegram.ext.Application: No error handlers are registered, logging exception.
Traceback (most recent call last):
  File "/home/shakhzodbtr/Desktop/attendancebot/venv/lib/python3.12/site-packages/telegram/ext/_utils/networkloop.py", line 161, in network_retry_loop
  File "/home/shakhzodbtr/Desktop/attendancebot/venv/lib/python3.12/site-packages/telegram/ext/_utils/networkloop.py", line 154, in do_action
  File "/home/shakhzodbtr/Desktop/attendancebot/venv/lib/python3.12/site-packages/telegram/ext/_updater.py", line 340, in polling_action_cb
    await polling_ready.wait()
              ^^^^^^^^^^^^^^^^
  File "/home/shakhzodbtr/Desktop/attendancebot/venv/lib/python3.12/site-packages/telegram/ext/_extbot.py", line 672, in get_updates
    current_offset: Optional[str] = None,
              ^^^^^^^^^^^^^^^^^^^^^^^^^^^
  File "/home/shakhzodbtr/Desktop/attendancebot/venv/lib/python3.12/site-packages/telegram/_bot.py", line 4865, in get_updates
    , :obj:`True`.
  File "/home/shakhzodbtr/Desktop/attendancebot/venv/lib/python3.12/site-packages/telegram/_bot.py", line 704, in _post
    )
      
  File "/home/shakhzodbtr/Desktop/attendancebot/venv/lib/python3.12/site-packages/telegram/ext/_extbot.py", line 370, in _do_post
    self._LOGGER.debug(
               ^^^^^^^^
  File "/home/shakhzodbtr/Desktop/attendancebot/venv/lib/python3.12/site-packages/telegram/_bot.py", line 733, in _do_post
    if caption is not None:
             ^^^^^^^^^^^^^^
  File "/home/shakhzodbtr/Desktop/attendancebot/venv/lib/python3.12/site-packages/telegram/request/_baserequest.py", line 198, in post
    The JSON response of the Bot API.
           ^^^^^^^^^^^^^^^^^^^^^^^^^^
  File "/home/shakhzodbtr/Desktop/attendancebot/venv/lib/python3.12/site-packages/telegram/request/_baserequest.py", line 375, in _request_wrapper
    # TG returns 404 Not found for
    ^^^^^^^^^^^^^^^
telegram.error.Conflict: Conflict: terminated by other getUpdates request; make sure that only one bot instance is running
2026-04-07 17:32:04,623 [INFO] httpx: HTTP Request: POST https://api.telegram.org/bot8340482546:AAFBsMQev3wuwj8gzOJL0r8-Vl8nN0SbwoA/getUpdates "HTTP/1.1 409 Conflict"
2026-04-07 17:32:04,625 [ERROR] telegram.ext.Application: No error handlers are registered, logging exception.
Traceback (most recent call last):
  File "/home/shakhzodbtr/Desktop/attendancebot/venv/lib/python3.12/site-packages/telegram/ext/_utils/networkloop.py", line 161, in network_retry_loop
  File "/home/shakhzodbtr/Desktop/attendancebot/venv/lib/python3.12/site-packages/telegram/ext/_utils/networkloop.py", line 154, in do_action
  File "/home/shakhzodbtr/Desktop/attendancebot/venv/lib/python3.12/site-packages/telegram/ext/_updater.py", line 340, in polling_action_cb
    await polling_ready.wait()
              ^^^^^^^^^^^^^^^^
  File "/home/shakhzodbtr/Desktop/attendancebot/venv/lib/python3.12/site-packages/telegram/ext/_extbot.py", line 672, in get_updates
    current_offset: Optional[str] = None,
              ^^^^^^^^^^^^^^^^^^^^^^^^^^^
  File "/home/shakhzodbtr/Desktop/attendancebot/venv/lib/python3.12/site-packages/telegram/_bot.py", line 4865, in get_updates
    , :obj:`True`.
  File "/home/shakhzodbtr/Desktop/attendancebot/venv/lib/python3.12/site-packages/telegram/_bot.py", line 704, in _post
    )
      
  File "/home/shakhzodbtr/Desktop/attendancebot/venv/lib/python3.12/site-packages/telegram/ext/_extbot.py", line 370, in _do_post
    self._LOGGER.debug(
               ^^^^^^^^
  File "/home/shakhzodbtr/Desktop/attendancebot/venv/lib/python3.12/site-packages/telegram/_bot.py", line 733, in _do_post
    if caption is not None:
             ^^^^^^^^^^^^^^
  File "/home/shakhzodbtr/Desktop/attendancebot/venv/lib/python3.12/site-packages/telegram/request/_baserequest.py", line 198, in post
    The JSON response of the Bot API.
           ^^^^^^^^^^^^^^^^^^^^^^^^^^
  File "/home/shakhzodbtr/Desktop/attendancebot/venv/lib/python3.12/site-packages/telegram/request/_baserequest.py", line 375, in _request_wrapper
    # TG returns 404 Not found for
    ^^^^^^^^^^^^^^^
telegram.error.Conflict: Conflict: terminated by other getUpdates request; make sure that only one bot instance is running
2026-04-07 17:32:10,880 [INFO] httpx: HTTP Request: POST https://api.telegram.org/bot8340482546:AAFBsMQev3wuwj8gzOJL0r8-Vl8nN0SbwoA/getUpdates "HTTP/1.1 409 Conflict"
2026-04-07 17:32:10,882 [ERROR] telegram.ext.Application: No error handlers are registered, logging exception.
Traceback (most recent call last):
  File "/home/shakhzodbtr/Desktop/attendancebot/venv/lib/python3.12/site-packages/telegram/ext/_utils/networkloop.py", line 161, in network_retry_loop
  File "/home/shakhzodbtr/Desktop/attendancebot/venv/lib/python3.12/site-packages/telegram/ext/_utils/networkloop.py", line 154, in do_action
  File "/home/shakhzodbtr/Desktop/attendancebot/venv/lib/python3.12/site-packages/telegram/ext/_updater.py", line 340, in polling_action_cb
    await polling_ready.wait()
              ^^^^^^^^^^^^^^^^
  File "/home/shakhzodbtr/Desktop/attendancebot/venv/lib/python3.12/site-packages/telegram/ext/_extbot.py", line 672, in get_updates
    current_offset: Optional[str] = None,
              ^^^^^^^^^^^^^^^^^^^^^^^^^^^
  File "/home/shakhzodbtr/Desktop/attendancebot/venv/lib/python3.12/site-packages/telegram/_bot.py", line 4865, in get_updates
    , :obj:`True`.
  File "/home/shakhzodbtr/Desktop/attendancebot/venv/lib/python3.12/site-packages/telegram/_bot.py", line 704, in _post
    )
      
  File "/home/shakhzodbtr/Desktop/attendancebot/venv/lib/python3.12/site-packages/telegram/ext/_extbot.py", line 370, in _do_post
    self._LOGGER.debug(
               ^^^^^^^^
  File "/home/shakhzodbtr/Desktop/attendancebot/venv/lib/python3.12/site-packages/telegram/_bot.py", line 733, in _do_post
    if caption is not None:
             ^^^^^^^^^^^^^^
  File "/home/shakhzodbtr/Desktop/attendancebot/venv/lib/python3.12/site-packages/telegram/request/_baserequest.py", line 198, in post
    The JSON response of the Bot API.
           ^^^^^^^^^^^^^^^^^^^^^^^^^^
  File "/home/shakhzodbtr/Desktop/attendancebot/venv/lib/python3.12/site-packages/telegram/request/_baserequest.py", line 375, in _request_wrapper
    # TG returns 404 Not found for
    ^^^^^^^^^^^^^^^
telegram.error.Conflict: Conflict: terminated by other getUpdates request; make sure that only one bot instance is running
2026-04-07 17:32:18,655 [INFO] httpx: HTTP Request: POST https://api.telegram.org/bot8340482546:AAFBsMQev3wuwj8gzOJL0r8-Vl8nN0SbwoA/getUpdates "HTTP/1.1 409 Conflict"
2026-04-07 17:32:18,656 [ERROR] telegram.ext.Application: No error handlers are registered, logging exception.
Traceback (most recent call last):
  File "/home/shakhzodbtr/Desktop/attendancebot/venv/lib/python3.12/site-packages/telegram/ext/_utils/networkloop.py", line 161, in network_retry_loop
  File "/home/shakhzodbtr/Desktop/attendancebot/venv/lib/python3.12/site-packages/telegram/ext/_utils/networkloop.py", line 154, in do_action
  File "/home/shakhzodbtr/Desktop/attendancebot/venv/lib/python3.12/site-packages/telegram/ext/_updater.py", line 340, in polling_action_cb
    await polling_ready.wait()
              ^^^^^^^^^^^^^^^^
  File "/home/shakhzodbtr/Desktop/attendancebot/venv/lib/python3.12/site-packages/telegram/ext/_extbot.py", line 672, in get_updates
    current_offset: Optional[str] = None,
              ^^^^^^^^^^^^^^^^^^^^^^^^^^^
  File "/home/shakhzodbtr/Desktop/attendancebot/venv/lib/python3.12/site-packages/telegram/_bot.py", line 4865, in get_updates
    , :obj:`True`.
  File "/home/shakhzodbtr/Desktop/attendancebot/venv/lib/python3.12/site-packages/telegram/_bot.py", line 704, in _post
    )
      
  File "/home/shakhzodbtr/Desktop/attendancebot/venv/lib/python3.12/site-packages/telegram/ext/_extbot.py", line 370, in _do_post
    self._LOGGER.debug(
               ^^^^^^^^
  File "/home/shakhzodbtr/Desktop/attendancebot/venv/lib/python3.12/site-packages/telegram/_bot.py", line 733, in _do_post
    if caption is not None:
             ^^^^^^^^^^^^^^
  File "/home/shakhzodbtr/Desktop/attendancebot/venv/lib/python3.12/site-packages/telegram/request/_baserequest.py", line 198, in post
    The JSON response of the Bot API.
           ^^^^^^^^^^^^^^^^^^^^^^^^^^
  File "/home/shakhzodbtr/Desktop/attendancebot/venv/lib/python3.12/site-packages/telegram/request/_baserequest.py", line 375, in _request_wrapper
    # TG returns 404 Not found for
    ^^^^^^^^^^^^^^^
telegram.error.Conflict: Conflict: terminated by other getUpdates request; make sure that only one bot instance is running
2026-04-07 17:32:25,671 [INFO] httpx: HTTP Request: POST https://api.telegram.org/bot8340482546:AAFBsMQev3wuwj8gzOJL0r8-Vl8nN0SbwoA/getUpdates "HTTP/1.1 409 Conflict"
2026-04-07 17:32:25,672 [ERROR] telegram.ext.Application: No error handlers are registered, logging exception.
Traceback (most recent call last):
  File "/home/shakhzodbtr/Desktop/attendancebot/venv/lib/python3.12/site-packages/telegram/ext/_utils/networkloop.py", line 161, in network_retry_loop
  File "/home/shakhzodbtr/Desktop/attendancebot/venv/lib/python3.12/site-packages/telegram/ext/_utils/networkloop.py", line 154, in do_action
  File "/home/shakhzodbtr/Desktop/attendancebot/venv/lib/python3.12/site-packages/telegram/ext/_updater.py", line 340, in polling_action_cb
    await polling_ready.wait()
              ^^^^^^^^^^^^^^^^
  File "/home/shakhzodbtr/Desktop/attendancebot/venv/lib/python3.12/site-packages/telegram/ext/_extbot.py", line 672, in get_updates
    current_offset: Optional[str] = None,
              ^^^^^^^^^^^^^^^^^^^^^^^^^^^
  File "/home/shakhzodbtr/Desktop/attendancebot/venv/lib/python3.12/site-packages/telegram/_bot.py", line 4865, in get_updates
    , :obj:`True`.
  File "/home/shakhzodbtr/Desktop/attendancebot/venv/lib/python3.12/site-packages/telegram/_bot.py", line 704, in _post
    )
      
  File "/home/shakhzodbtr/Desktop/attendancebot/venv/lib/python3.12/site-packages/telegram/ext/_extbot.py", line 370, in _do_post
    self._LOGGER.debug(
               ^^^^^^^^
  File "/home/shakhzodbtr/Desktop/attendancebot/venv/lib/python3.12/site-packages/telegram/_bot.py", line 733, in _do_post
    if caption is not None:
             ^^^^^^^^^^^^^^
  File "/home/shakhzodbtr/Desktop/attendancebot/venv/lib/python3.12/site-packages/telegram/request/_baserequest.py", line 198, in post
    The JSON response of the Bot API.
           ^^^^^^^^^^^^^^^^^^^^^^^^^^
  File "/home/shakhzodbtr/Desktop/attendancebot/venv/lib/python3.12/site-packages/telegram/request/_baserequest.py", line 375, in _request_wrapper
    # TG returns 404 Not found for
    ^^^^^^^^^^^^^^^
telegram.error.Conflict: Conflict: terminated by other getUpdates request; make sure that only one bot instance is running
2026-04-07 17:32:36,535 [INFO] httpx: HTTP Request: POST https://api.telegram.org/bot8340482546:AAFBsMQev3wuwj8gzOJL0r8-Vl8nN0SbwoA/getUpdates "HTTP/1.1 409 Conflict"
2026-04-07 17:32:36,536 [ERROR] telegram.ext.Application: No error handlers are registered, logging exception.
Traceback (most recent call last):
  File "/home/shakhzodbtr/Desktop/attendancebot/venv/lib/python3.12/site-packages/telegram/ext/_utils/networkloop.py", line 161, in network_retry_loop
  File "/home/shakhzodbtr/Desktop/attendancebot/venv/lib/python3.12/site-packages/telegram/ext/_utils/networkloop.py", line 154, in do_action
  File "/home/shakhzodbtr/Desktop/attendancebot/venv/lib/python3.12/site-packages/telegram/ext/_updater.py", line 340, in polling_action_cb
    await polling_ready.wait()
              ^^^^^^^^^^^^^^^^
  File "/home/shakhzodbtr/Desktop/attendancebot/venv/lib/python3.12/site-packages/telegram/ext/_extbot.py", line 672, in get_updates
    current_offset: Optional[str] = None,
              ^^^^^^^^^^^^^^^^^^^^^^^^^^^
  File "/home/shakhzodbtr/Desktop/attendancebot/venv/lib/python3.12/site-packages/telegram/_bot.py", line 4865, in get_updates
    , :obj:`True`.
  File "/home/shakhzodbtr/Desktop/attendancebot/venv/lib/python3.12/site-packages/telegram/_bot.py", line 704, in _post
    )
      
  File "/home/shakhzodbtr/Desktop/attendancebot/venv/lib/python3.12/site-packages/telegram/ext/_extbot.py", line 370, in _do_post
    self._LOGGER.debug(
               ^^^^^^^^
  File "/home/shakhzodbtr/Desktop/attendancebot/venv/lib/python3.12/site-packages/telegram/_bot.py", line 733, in _do_post
    if caption is not None:
             ^^^^^^^^^^^^^^
  File "/home/shakhzodbtr/Desktop/attendancebot/venv/lib/python3.12/site-packages/telegram/request/_baserequest.py", line 198, in post
    The JSON response of the Bot API.
           ^^^^^^^^^^^^^^^^^^^^^^^^^^
  File "/home/shakhzodbtr/Desktop/attendancebot/venv/lib/python3.12/site-packages/telegram/request/_baserequest.py", line 375, in _request_wrapper
    # TG returns 404 Not found for
    ^^^^^^^^^^^^^^^
telegram.error.Conflict: Conflict: terminated by other getUpdates request; make sure that only one bot instance is running
2026-04-07 17:32:52,513 [INFO] httpx: HTTP Request: POST https://api.telegram.org/bot8340482546:AAFBsMQev3wuwj8gzOJL0r8-Vl8nN0SbwoA/getUpdates "HTTP/1.1 409 Conflict"
2026-04-07 17:32:52,514 [ERROR] telegram.ext.Application: No error handlers are registered, logging exception.
Traceback (most recent call last):
  File "/home/shakhzodbtr/Desktop/attendancebot/venv/lib/python3.12/site-packages/telegram/ext/_utils/networkloop.py", line 161, in network_retry_loop
  File "/home/shakhzodbtr/Desktop/attendancebot/venv/lib/python3.12/site-packages/telegram/ext/_utils/networkloop.py", line 154, in do_action
  File "/home/shakhzodbtr/Desktop/attendancebot/venv/lib/python3.12/site-packages/telegram/ext/_updater.py", line 340, in polling_action_cb
    await polling_ready.wait()
              ^^^^^^^^^^^^^^^^
  File "/home/shakhzodbtr/Desktop/attendancebot/venv/lib/python3.12/site-packages/telegram/ext/_extbot.py", line 672, in get_updates
    current_offset: Optional[str] = None,
              ^^^^^^^^^^^^^^^^^^^^^^^^^^^
  File "/home/shakhzodbtr/Desktop/attendancebot/venv/lib/python3.12/site-packages/telegram/_bot.py", line 4865, in get_updates
    , :obj:`True`.
  File "/home/shakhzodbtr/Desktop/attendancebot/venv/lib/python3.12/site-packages/telegram/_bot.py", line 704, in _post
    )
      
  File "/home/shakhzodbtr/Desktop/attendancebot/venv/lib/python3.12/site-packages/telegram/ext/_extbot.py", line 370, in _do_post
    self._LOGGER.debug(
               ^^^^^^^^
  File "/home/shakhzodbtr/Desktop/attendancebot/venv/lib/python3.12/site-packages/telegram/_bot.py", line 733, in _do_post
    if caption is not None:
             ^^^^^^^^^^^^^^
  File "/home/shakhzodbtr/Desktop/attendancebot/venv/lib/python3.12/site-packages/telegram/request/_baserequest.py", line 198, in post
    The JSON response of the Bot API.
           ^^^^^^^^^^^^^^^^^^^^^^^^^^
  File "/home/shakhzodbtr/Desktop/attendancebot/venv/lib/python3.12/site-packages/telegram/request/_baserequest.py", line 375, in _request_wrapper
    # TG returns 404 Not found for
    ^^^^^^^^^^^^^^^
telegram.error.Conflict: Conflict: terminated by other getUpdates request; make sure that only one bot instance is running
2026-04-07 17:33:08,716 [INFO] httpx: HTTP Request: POST https://api.telegram.org/bot8340482546:AAFBsMQev3wuwj8gzOJL0r8-Vl8nN0SbwoA/getUpdates "HTTP/1.1 409 Conflict"
2026-04-07 17:33:08,718 [ERROR] telegram.ext.Application: No error handlers are registered, logging exception.
Traceback (most recent call last):
  File "/home/shakhzodbtr/Desktop/attendancebot/venv/lib/python3.12/site-packages/telegram/ext/_utils/networkloop.py", line 161, in network_retry_loop
  File "/home/shakhzodbtr/Desktop/attendancebot/venv/lib/python3.12/site-packages/telegram/ext/_utils/networkloop.py", line 154, in do_action
  File "/home/shakhzodbtr/Desktop/attendancebot/venv/lib/python3.12/site-packages/telegram/ext/_updater.py", line 340, in polling_action_cb
    await polling_ready.wait()
              ^^^^^^^^^^^^^^^^
  File "/home/shakhzodbtr/Desktop/attendancebot/venv/lib/python3.12/site-packages/telegram/ext/_extbot.py", line 672, in get_updates
    current_offset: Optional[str] = None,
              ^^^^^^^^^^^^^^^^^^^^^^^^^^^
  File "/home/shakhzodbtr/Desktop/attendancebot/venv/lib/python3.12/site-packages/telegram/_bot.py", line 4865, in get_updates
    , :obj:`True`.
  File "/home/shakhzodbtr/Desktop/attendancebot/venv/lib/python3.12/site-packages/telegram/_bot.py", line 704, in _post
    )
      
  File "/home/shakhzodbtr/Desktop/attendancebot/venv/lib/python3.12/site-packages/telegram/ext/_extbot.py", line 370, in _do_post
    self._LOGGER.debug(
               ^^^^^^^^
  File "/home/shakhzodbtr/Desktop/attendancebot/venv/lib/python3.12/site-packages/telegram/_bot.py", line 733, in _do_post
    if caption is not None:
             ^^^^^^^^^^^^^^
  File "/home/shakhzodbtr/Desktop/attendancebot/venv/lib/python3.12/site-packages/telegram/request/_baserequest.py", line 198, in post
    The JSON response of the Bot API.
           ^^^^^^^^^^^^^^^^^^^^^^^^^^
  File "/home/shakhzodbtr/Desktop/attendancebot/venv/lib/python3.12/site-packages/telegram/request/_baserequest.py", line 375, in _request_wrapper
    # TG returns 404 Not found for
    ^^^^^^^^^^^^^^^
telegram.error.Conflict: Conflict: terminated by other getUpdates request; make sure that only one bot instance is running
2026-04-07 17:33:28,376 [INFO] httpx: HTTP Request: POST https://api.telegram.org/bot8340482546:AAFBsMQev3wuwj8gzOJL0r8-Vl8nN0SbwoA/getUpdates "HTTP/1.1 409 Conflict"
2026-04-07 17:33:28,378 [ERROR] telegram.ext.Application: No error handlers are registered, logging exception.
Traceback (most recent call last):
  File "/home/shakhzodbtr/Desktop/attendancebot/venv/lib/python3.12/site-packages/telegram/ext/_utils/networkloop.py", line 161, in network_retry_loop
  File "/home/shakhzodbtr/Desktop/attendancebot/venv/lib/python3.12/site-packages/telegram/ext/_utils/networkloop.py", line 154, in do_action
  File "/home/shakhzodbtr/Desktop/attendancebot/venv/lib/python3.12/site-packages/telegram/ext/_updater.py", line 340, in polling_action_cb
    await polling_ready.wait()
              ^^^^^^^^^^^^^^^^
  File "/home/shakhzodbtr/Desktop/attendancebot/venv/lib/python3.12/site-packages/telegram/ext/_extbot.py", line 672, in get_updates
    current_offset: Optional[str] = None,
              ^^^^^^^^^^^^^^^^^^^^^^^^^^^
  File "/home/shakhzodbtr/Desktop/attendancebot/venv/lib/python3.12/site-packages/telegram/_bot.py", line 4865, in get_updates
    , :obj:`True`.
  File "/home/shakhzodbtr/Desktop/attendancebot/venv/lib/python3.12/site-packages/telegram/_bot.py", line 704, in _post
    )
      
  File "/home/shakhzodbtr/Desktop/attendancebot/venv/lib/python3.12/site-packages/telegram/ext/_extbot.py", line 370, in _do_post
    self._LOGGER.debug(
               ^^^^^^^^
  File "/home/shakhzodbtr/Desktop/attendancebot/venv/lib/python3.12/site-packages/telegram/_bot.py", line 733, in _do_post
    if caption is not None:
             ^^^^^^^^^^^^^^
  File "/home/shakhzodbtr/Desktop/attendancebot/venv/lib/python3.12/site-packages/telegram/request/_baserequest.py", line 198, in post
    The JSON response of the Bot API.
           ^^^^^^^^^^^^^^^^^^^^^^^^^^
  File "/home/shakhzodbtr/Desktop/attendancebot/venv/lib/python3.12/site-packages/telegram/request/_baserequest.py", line 375, in _request_wrapper
    # TG returns 404 Not found for
    ^^^^^^^^^^^^^^^
telegram.error.Conflict: Conflict: terminated by other getUpdates request; make sure that only one bot instance is running
2026-04-07 17:33:58,624 [INFO] httpx: HTTP Request: POST https://api.telegram.org/bot8340482546:AAFBsMQev3wuwj8gzOJL0r8-Vl8nN0SbwoA/getUpdates "HTTP/1.1 409 Conflict"
2026-04-07 17:33:58,626 [ERROR] telegram.ext.Application: No error handlers are registered, logging exception.
Traceback (most recent call last):
  File "/home/shakhzodbtr/Desktop/attendancebot/venv/lib/python3.12/site-packages/telegram/ext/_utils/networkloop.py", line 161, in network_retry_loop
  File "/home/shakhzodbtr/Desktop/attendancebot/venv/lib/python3.12/site-packages/telegram/ext/_utils/networkloop.py", line 154, in do_action
  File "/home/shakhzodbtr/Desktop/attendancebot/venv/lib/python3.12/site-packages/telegram/ext/_updater.py", line 340, in polling_action_cb
    await polling_ready.wait()
              ^^^^^^^^^^^^^^^^
  File "/home/shakhzodbtr/Desktop/attendancebot/venv/lib/python3.12/site-packages/telegram/ext/_extbot.py", line 672, in get_updates
    current_offset: Optional[str] = None,
              ^^^^^^^^^^^^^^^^^^^^^^^^^^^
  File "/home/shakhzodbtr/Desktop/attendancebot/venv/lib/python3.12/site-packages/telegram/_bot.py", line 4865, in get_updates
    , :obj:`True`.
  File "/home/shakhzodbtr/Desktop/attendancebot/venv/lib/python3.12/site-packages/telegram/_bot.py", line 704, in _post
    )
      
  File "/home/shakhzodbtr/Desktop/attendancebot/venv/lib/python3.12/site-packages/telegram/ext/_extbot.py", line 370, in _do_post
    self._LOGGER.debug(
               ^^^^^^^^
  File "/home/shakhzodbtr/Desktop/attendancebot/venv/lib/python3.12/site-packages/telegram/_bot.py", line 733, in _do_post
    if caption is not None:
             ^^^^^^^^^^^^^^
  File "/home/shakhzodbtr/Desktop/attendancebot/venv/lib/python3.12/site-packages/telegram/request/_baserequest.py", line 198, in post
    The JSON response of the Bot API.
           ^^^^^^^^^^^^^^^^^^^^^^^^^^
  File "/home/shakhzodbtr/Desktop/attendancebot/venv/lib/python3.12/site-packages/telegram/request/_baserequest.py", line 375, in _request_wrapper
    # TG returns 404 Not found for
    ^^^^^^^^^^^^^^^
telegram.error.Conflict: Conflict: terminated by other getUpdates request; make sure that only one bot instance is running
2026-04-07 17:34:33,131 [INFO] httpx: HTTP Request: POST https://api.telegram.org/bot8340482546:AAFBsMQev3wuwj8gzOJL0r8-Vl8nN0SbwoA/getUpdates "HTTP/1.1 409 Conflict"
2026-04-07 17:34:33,132 [ERROR] telegram.ext.Application: No error handlers are registered, logging exception.
Traceback (most recent call last):
  File "/home/shakhzodbtr/Desktop/attendancebot/venv/lib/python3.12/site-packages/telegram/ext/_utils/networkloop.py", line 161, in network_retry_loop
  File "/home/shakhzodbtr/Desktop/attendancebot/venv/lib/python3.12/site-packages/telegram/ext/_utils/networkloop.py", line 154, in do_action
  File "/home/shakhzodbtr/Desktop/attendancebot/venv/lib/python3.12/site-packages/telegram/ext/_updater.py", line 340, in polling_action_cb
    await polling_ready.wait()
              ^^^^^^^^^^^^^^^^
  File "/home/shakhzodbtr/Desktop/attendancebot/venv/lib/python3.12/site-packages/telegram/ext/_extbot.py", line 672, in get_updates
    current_offset: Optional[str] = None,
              ^^^^^^^^^^^^^^^^^^^^^^^^^^^
  File "/home/shakhzodbtr/Desktop/attendancebot/venv/lib/python3.12/site-packages/telegram/_bot.py", line 4865, in get_updates
    , :obj:`True`.
  File "/home/shakhzodbtr/Desktop/attendancebot/venv/lib/python3.12/site-packages/telegram/_bot.py", line 704, in _post
    )
      
  File "/home/shakhzodbtr/Desktop/attendancebot/venv/lib/python3.12/site-packages/telegram/ext/_extbot.py", line 370, in _do_post
    self._LOGGER.debug(
               ^^^^^^^^
  File "/home/shakhzodbtr/Desktop/attendancebot/venv/lib/python3.12/site-packages/telegram/_bot.py", line 733, in _do_post
    if caption is not None:
             ^^^^^^^^^^^^^^
  File "/home/shakhzodbtr/Desktop/attendancebot/venv/lib/python3.12/site-packages/telegram/request/_baserequest.py", line 198, in post
    The JSON response of the Bot API.
           ^^^^^^^^^^^^^^^^^^^^^^^^^^
  File "/home/shakhzodbtr/Desktop/attendancebot/venv/lib/python3.12/site-packages/telegram/request/_baserequest.py", line 375, in _request_wrapper
    # TG returns 404 Not found for
    ^^^^^^^^^^^^^^^
telegram.error.Conflict: Conflict: terminated by other getUpdates request; make sure that only one bot instance is running
2026-04-07 17:35:08,663 [INFO] httpx: HTTP Request: POST https://api.telegram.org/bot8340482546:AAFBsMQev3wuwj8gzOJL0r8-Vl8nN0SbwoA/getUpdates "HTTP/1.1 409 Conflict"
2026-04-07 17:35:08,664 [ERROR] telegram.ext.Application: No error handlers are registered, logging exception.
Traceback (most recent call last):
  File "/home/shakhzodbtr/Desktop/attendancebot/venv/lib/python3.12/site-packages/telegram/ext/_utils/networkloop.py", line 161, in network_retry_loop
  File "/home/shakhzodbtr/Desktop/attendancebot/venv/lib/python3.12/site-packages/telegram/ext/_utils/networkloop.py", line 154, in do_action
  File "/home/shakhzodbtr/Desktop/attendancebot/venv/lib/python3.12/site-packages/telegram/ext/_updater.py", line 340, in polling_action_cb
    await polling_ready.wait()
              ^^^^^^^^^^^^^^^^
  File "/home/shakhzodbtr/Desktop/attendancebot/venv/lib/python3.12/site-packages/telegram/ext/_extbot.py", line 672, in get_updates
    current_offset: Optional[str] = None,
              ^^^^^^^^^^^^^^^^^^^^^^^^^^^
  File "/home/shakhzodbtr/Desktop/attendancebot/venv/lib/python3.12/site-packages/telegram/_bot.py", line 4865, in get_updates
    , :obj:`True`.
  File "/home/shakhzodbtr/Desktop/attendancebot/venv/lib/python3.12/site-packages/telegram/_bot.py", line 704, in _post
    )
      
  File "/home/shakhzodbtr/Desktop/attendancebot/venv/lib/python3.12/site-packages/telegram/ext/_extbot.py", line 370, in _do_post
    self._LOGGER.debug(
               ^^^^^^^^
  File "/home/shakhzodbtr/Desktop/attendancebot/venv/lib/python3.12/site-packages/telegram/_bot.py", line 733, in _do_post
    if caption is not None:
             ^^^^^^^^^^^^^^
  File "/home/shakhzodbtr/Desktop/attendancebot/venv/lib/python3.12/site-packages/telegram/request/_baserequest.py", line 198, in post
    The JSON response of the Bot API.
           ^^^^^^^^^^^^^^^^^^^^^^^^^^
  File "/home/shakhzodbtr/Desktop/attendancebot/venv/lib/python3.12/site-packages/telegram/request/_baserequest.py", line 375, in _request_wrapper
    # TG returns 404 Not found for
    ^^^^^^^^^^^^^^^
telegram.error.Conflict: Conflict: terminated by other getUpdates request; make sure that only one bot instance is running
2026-04-07 17:35:43,264 [INFO] httpx: HTTP Request: POST https://api.telegram.org/bot8340482546:AAFBsMQev3wuwj8gzOJL0r8-Vl8nN0SbwoA/getUpdates "HTTP/1.1 409 Conflict"
2026-04-07 17:35:43,266 [ERROR] telegram.ext.Application: No error handlers are registered, logging exception.
Traceback (most recent call last):
  File "/home/shakhzodbtr/Desktop/attendancebot/venv/lib/python3.12/site-packages/telegram/ext/_utils/networkloop.py", line 161, in network_retry_loop
  File "/home/shakhzodbtr/Desktop/attendancebot/venv/lib/python3.12/site-packages/telegram/ext/_utils/networkloop.py", line 154, in do_action
  File "/home/shakhzodbtr/Desktop/attendancebot/venv/lib/python3.12/site-packages/telegram/ext/_updater.py", line 340, in polling_action_cb
    await polling_ready.wait()
              ^^^^^^^^^^^^^^^^
  File "/home/shakhzodbtr/Desktop/attendancebot/venv/lib/python3.12/site-packages/telegram/ext/_extbot.py", line 672, in get_updates
    current_offset: Optional[str] = None,
              ^^^^^^^^^^^^^^^^^^^^^^^^^^^
  File "/home/shakhzodbtr/Desktop/attendancebot/venv/lib/python3.12/site-packages/telegram/_bot.py", line 4865, in get_updates
    , :obj:`True`.
  File "/home/shakhzodbtr/Desktop/attendancebot/venv/lib/python3.12/site-packages/telegram/_bot.py", line 704, in _post
    )
      
  File "/home/shakhzodbtr/Desktop/attendancebot/venv/lib/python3.12/site-packages/telegram/ext/_extbot.py", line 370, in _do_post
    self._LOGGER.debug(
               ^^^^^^^^
  File "/home/shakhzodbtr/Desktop/attendancebot/venv/lib/python3.12/site-packages/telegram/_bot.py", line 733, in _do_post
    if caption is not None:
             ^^^^^^^^^^^^^^
  File "/home/shakhzodbtr/Desktop/attendancebot/venv/lib/python3.12/site-packages/telegram/request/_baserequest.py", line 198, in post
    The JSON response of the Bot API.
           ^^^^^^^^^^^^^^^^^^^^^^^^^^
  File "/home/shakhzodbtr/Desktop/attendancebot/venv/lib/python3.12/site-packages/telegram/request/_baserequest.py", line 375, in _request_wrapper
    # TG returns 404 Not found for
    ^^^^^^^^^^^^^^^
telegram.error.Conflict: Conflict: terminated by other getUpdates request; make sure that only one bot instance is running
2026-04-07 17:36:18,264 [INFO] httpx: HTTP Request: POST https://api.telegram.org/bot8340482546:AAFBsMQev3wuwj8gzOJL0r8-Vl8nN0SbwoA/getUpdates "HTTP/1.1 409 Conflict"
2026-04-07 17:36:18,265 [ERROR] telegram.ext.Application: No error handlers are registered, logging exception.
Traceback (most recent call last):
  File "/home/shakhzodbtr/Desktop/attendancebot/venv/lib/python3.12/site-packages/telegram/ext/_utils/networkloop.py", line 161, in network_retry_loop
  File "/home/shakhzodbtr/Desktop/attendancebot/venv/lib/python3.12/site-packages/telegram/ext/_utils/networkloop.py", line 154, in do_action
  File "/home/shakhzodbtr/Desktop/attendancebot/venv/lib/python3.12/site-packages/telegram/ext/_updater.py", line 340, in polling_action_cb
    await polling_ready.wait()
              ^^^^^^^^^^^^^^^^
  File "/home/shakhzodbtr/Desktop/attendancebot/venv/lib/python3.12/site-packages/telegram/ext/_extbot.py", line 672, in get_updates
    current_offset: Optional[str] = None,
              ^^^^^^^^^^^^^^^^^^^^^^^^^^^
  File "/home/shakhzodbtr/Desktop/attendancebot/venv/lib/python3.12/site-packages/telegram/_bot.py", line 4865, in get_updates
    , :obj:`True`.
  File "/home/shakhzodbtr/Desktop/attendancebot/venv/lib/python3.12/site-packages/telegram/_bot.py", line 704, in _post
    )
      
  File "/home/shakhzodbtr/Desktop/attendancebot/venv/lib/python3.12/site-packages/telegram/ext/_extbot.py", line 370, in _do_post
    self._LOGGER.debug(
               ^^^^^^^^
  File "/home/shakhzodbtr/Desktop/attendancebot/venv/lib/python3.12/site-packages/telegram/_bot.py", line 733, in _do_post
    if caption is not None:
             ^^^^^^^^^^^^^^
  File "/home/shakhzodbtr/Desktop/attendancebot/venv/lib/python3.12/site-packages/telegram/request/_baserequest.py", line 198, in post
    The JSON response of the Bot API.
           ^^^^^^^^^^^^^^^^^^^^^^^^^^
  File "/home/shakhzodbtr/Desktop/attendancebot/venv/lib/python3.12/site-packages/telegram/request/_baserequest.py", line 375, in _request_wrapper
    # TG returns 404 Not found for
    ^^^^^^^^^^^^^^^
telegram.error.Conflict: Conflict: terminated by other getUpdates request; make sure that only one bot instance is running
2026-04-07 17:36:52,805 [INFO] httpx: HTTP Request: POST https://api.telegram.org/bot8340482546:AAFBsMQev3wuwj8gzOJL0r8-Vl8nN0SbwoA/getUpdates "HTTP/1.1 409 Conflict"
2026-04-07 17:36:52,809 [ERROR] telegram.ext.Application: No error handlers are registered, logging exception.
Traceback (most recent call last):
  File "/home/shakhzodbtr/Desktop/attendancebot/venv/lib/python3.12/site-packages/telegram/ext/_utils/networkloop.py", line 161, in network_retry_loop
  File "/home/shakhzodbtr/Desktop/attendancebot/venv/lib/python3.12/site-packages/telegram/ext/_utils/networkloop.py", line 154, in do_action
  File "/home/shakhzodbtr/Desktop/attendancebot/venv/lib/python3.12/site-packages/telegram/ext/_updater.py", line 340, in polling_action_cb
    await polling_ready.wait()
              ^^^^^^^^^^^^^^^^
  File "/home/shakhzodbtr/Desktop/attendancebot/venv/lib/python3.12/site-packages/telegram/ext/_extbot.py", line 672, in get_updates
    current_offset: Optional[str] = None,
              ^^^^^^^^^^^^^^^^^^^^^^^^^^^
  File "/home/shakhzodbtr/Desktop/attendancebot/venv/lib/python3.12/site-packages/telegram/_bot.py", line 4865, in get_updates
    , :obj:`True`.
  File "/home/shakhzodbtr/Desktop/attendancebot/venv/lib/python3.12/site-packages/telegram/_bot.py", line 704, in _post
    )
      
  File "/home/shakhzodbtr/Desktop/attendancebot/venv/lib/python3.12/site-packages/telegram/ext/_extbot.py", line 370, in _do_post
    self._LOGGER.debug(
               ^^^^^^^^
  File "/home/shakhzodbtr/Desktop/attendancebot/venv/lib/python3.12/site-packages/telegram/_bot.py", line 733, in _do_post
    if caption is not None:
             ^^^^^^^^^^^^^^
  File "/home/shakhzodbtr/Desktop/attendancebot/venv/lib/python3.12/site-packages/telegram/request/_baserequest.py", line 198, in post
    The JSON response of the Bot API.
           ^^^^^^^^^^^^^^^^^^^^^^^^^^
  File "/home/shakhzodbtr/Desktop/attendancebot/venv/lib/python3.12/site-packages/telegram/request/_baserequest.py", line 375, in _request_wrapper
    # TG returns 404 Not found for
    ^^^^^^^^^^^^^^^
telegram.error.Conflict: Conflict: terminated by other getUpdates request; make sure that only one bot instance is running
2026-04-07 17:37:27,604 [INFO] httpx: HTTP Request: POST https://api.telegram.org/bot8340482546:AAFBsMQev3wuwj8gzOJL0r8-Vl8nN0SbwoA/getUpdates "HTTP/1.1 409 Conflict"
2026-04-07 17:37:27,605 [ERROR] telegram.ext.Application: No error handlers are registered, logging exception.
Traceback (most recent call last):
  File "/home/shakhzodbtr/Desktop/attendancebot/venv/lib/python3.12/site-packages/telegram/ext/_utils/networkloop.py", line 161, in network_retry_loop
  File "/home/shakhzodbtr/Desktop/attendancebot/venv/lib/python3.12/site-packages/telegram/ext/_utils/networkloop.py", line 154, in do_action
  File "/home/shakhzodbtr/Desktop/attendancebot/venv/lib/python3.12/site-packages/telegram/ext/_updater.py", line 340, in polling_action_cb
    await polling_ready.wait()
              ^^^^^^^^^^^^^^^^
  File "/home/shakhzodbtr/Desktop/attendancebot/venv/lib/python3.12/site-packages/telegram/ext/_extbot.py", line 672, in get_updates
    current_offset: Optional[str] = None,
              ^^^^^^^^^^^^^^^^^^^^^^^^^^^
  File "/home/shakhzodbtr/Desktop/attendancebot/venv/lib/python3.12/site-packages/telegram/_bot.py", line 4865, in get_updates
    , :obj:`True`.
  File "/home/shakhzodbtr/Desktop/attendancebot/venv/lib/python3.12/site-packages/telegram/_bot.py", line 704, in _post
    )
      
  File "/home/shakhzodbtr/Desktop/attendancebot/venv/lib/python3.12/site-packages/telegram/ext/_extbot.py", line 370, in _do_post
    self._LOGGER.debug(
               ^^^^^^^^
  File "/home/shakhzodbtr/Desktop/attendancebot/venv/lib/python3.12/site-packages/telegram/_bot.py", line 733, in _do_post
    if caption is not None:
             ^^^^^^^^^^^^^^
  File "/home/shakhzodbtr/Desktop/attendancebot/venv/lib/python3.12/site-packages/telegram/request/_baserequest.py", line 198, in post
    The JSON response of the Bot API.
           ^^^^^^^^^^^^^^^^^^^^^^^^^^
  File "/home/shakhzodbtr/Desktop/attendancebot/venv/lib/python3.12/site-packages/telegram/request/_baserequest.py", line 375, in _request_wrapper
    # TG returns 404 Not found for
    ^^^^^^^^^^^^^^^
telegram.error.Conflict: Conflict: terminated by other getUpdates request; make sure that only one bot instance is running
2026-04-07 17:38:02,226 [INFO] httpx: HTTP Request: POST https://api.telegram.org/bot8340482546:AAFBsMQev3wuwj8gzOJL0r8-Vl8nN0SbwoA/getUpdates "HTTP/1.1 409 Conflict"
2026-04-07 17:38:02,228 [ERROR] telegram.ext.Application: No error handlers are registered, logging exception.
Traceback (most recent call last):
  File "/home/shakhzodbtr/Desktop/attendancebot/venv/lib/python3.12/site-packages/telegram/ext/_utils/networkloop.py", line 161, in network_retry_loop
  File "/home/shakhzodbtr/Desktop/attendancebot/venv/lib/python3.12/site-packages/telegram/ext/_utils/networkloop.py", line 154, in do_action
  File "/home/shakhzodbtr/Desktop/attendancebot/venv/lib/python3.12/site-packages/telegram/ext/_updater.py", line 340, in polling_action_cb
    await polling_ready.wait()
              ^^^^^^^^^^^^^^^^
  File "/home/shakhzodbtr/Desktop/attendancebot/venv/lib/python3.12/site-packages/telegram/ext/_extbot.py", line 672, in get_updates
    current_offset: Optional[str] = None,
              ^^^^^^^^^^^^^^^^^^^^^^^^^^^
  File "/home/shakhzodbtr/Desktop/attendancebot/venv/lib/python3.12/site-packages/telegram/_bot.py", line 4865, in get_updates
    , :obj:`True`.
  File "/home/shakhzodbtr/Desktop/attendancebot/venv/lib/python3.12/site-packages/telegram/_bot.py", line 704, in _post
    )
      
  File "/home/shakhzodbtr/Desktop/attendancebot/venv/lib/python3.12/site-packages/telegram/ext/_extbot.py", line 370, in _do_post
    self._LOGGER.debug(
               ^^^^^^^^
  File "/home/shakhzodbtr/Desktop/attendancebot/venv/lib/python3.12/site-packages/telegram/_bot.py", line 733, in _do_post
    if caption is not None:
             ^^^^^^^^^^^^^^
  File "/home/shakhzodbtr/Desktop/attendancebot/venv/lib/python3.12/site-packages/telegram/request/_baserequest.py", line 198, in post
    The JSON response of the Bot API.
           ^^^^^^^^^^^^^^^^^^^^^^^^^^
  File "/home/shakhzodbtr/Desktop/attendancebot/venv/lib/python3.12/site-packages/telegram/request/_baserequest.py", line 375, in _request_wrapper
    # TG returns 404 Not found for
    ^^^^^^^^^^^^^^^
telegram.error.Conflict: Conflict: terminated by other getUpdates request; make sure that only one bot instance is running
2026-04-07 17:38:32,705 [INFO] httpx: HTTP Request: POST https://api.telegram.org/bot8340482546:AAFBsMQev3wuwj8gzOJL0r8-Vl8nN0SbwoA/getUpdates "HTTP/1.1 409 Conflict"
2026-04-07 17:38:32,706 [ERROR] telegram.ext.Application: No error handlers are registered, logging exception.
Traceback (most recent call last):
  File "/home/shakhzodbtr/Desktop/attendancebot/venv/lib/python3.12/site-packages/telegram/ext/_utils/networkloop.py", line 161, in network_retry_loop
  File "/home/shakhzodbtr/Desktop/attendancebot/venv/lib/python3.12/site-packages/telegram/ext/_utils/networkloop.py", line 154, in do_action
  File "/home/shakhzodbtr/Desktop/attendancebot/venv/lib/python3.12/site-packages/telegram/ext/_updater.py", line 340, in polling_action_cb
    await polling_ready.wait()
              ^^^^^^^^^^^^^^^^
  File "/home/shakhzodbtr/Desktop/attendancebot/venv/lib/python3.12/site-packages/telegram/ext/_extbot.py", line 672, in get_updates
    current_offset: Optional[str] = None,
              ^^^^^^^^^^^^^^^^^^^^^^^^^^^
  File "/home/shakhzodbtr/Desktop/attendancebot/venv/lib/python3.12/site-packages/telegram/_bot.py", line 4865, in get_updates
    , :obj:`True`.
  File "/home/shakhzodbtr/Desktop/attendancebot/venv/lib/python3.12/site-packages/telegram/_bot.py", line 704, in _post
    )
      
  File "/home/shakhzodbtr/Desktop/attendancebot/venv/lib/python3.12/site-packages/telegram/ext/_extbot.py", line 370, in _do_post
    self._LOGGER.debug(
               ^^^^^^^^
  File "/home/shakhzodbtr/Desktop/attendancebot/venv/lib/python3.12/site-packages/telegram/_bot.py", line 733, in _do_post
    if caption is not None:
             ^^^^^^^^^^^^^^
  File "/home/shakhzodbtr/Desktop/attendancebot/venv/lib/python3.12/site-packages/telegram/request/_baserequest.py", line 198, in post
    The JSON response of the Bot API.
           ^^^^^^^^^^^^^^^^^^^^^^^^^^
  File "/home/shakhzodbtr/Desktop/attendancebot/venv/lib/python3.12/site-packages/telegram/request/_baserequest.py", line 375, in _request_wrapper
    # TG returns 404 Not found for
    ^^^^^^^^^^^^^^^
telegram.error.Conflict: Conflict: terminated by other getUpdates request; make sure that only one bot instance is running
2026-04-07 17:39:07,313 [INFO] httpx: HTTP Request: POST https://api.telegram.org/bot8340482546:AAFBsMQev3wuwj8gzOJL0r8-Vl8nN0SbwoA/getUpdates "HTTP/1.1 409 Conflict"
2026-04-07 17:39:07,314 [ERROR] telegram.ext.Application: No error handlers are registered, logging exception.
Traceback (most recent call last):
  File "/home/shakhzodbtr/Desktop/attendancebot/venv/lib/python3.12/site-packages/telegram/ext/_utils/networkloop.py", line 161, in network_retry_loop
  File "/home/shakhzodbtr/Desktop/attendancebot/venv/lib/python3.12/site-packages/telegram/ext/_utils/networkloop.py", line 154, in do_action
  File "/home/shakhzodbtr/Desktop/attendancebot/venv/lib/python3.12/site-packages/telegram/ext/_updater.py", line 340, in polling_action_cb
    await polling_ready.wait()
              ^^^^^^^^^^^^^^^^
  File "/home/shakhzodbtr/Desktop/attendancebot/venv/lib/python3.12/site-packages/telegram/ext/_extbot.py", line 672, in get_updates
    current_offset: Optional[str] = None,
              ^^^^^^^^^^^^^^^^^^^^^^^^^^^
  File "/home/shakhzodbtr/Desktop/attendancebot/venv/lib/python3.12/site-packages/telegram/_bot.py", line 4865, in get_updates
    , :obj:`True`.
  File "/home/shakhzodbtr/Desktop/attendancebot/venv/lib/python3.12/site-packages/telegram/_bot.py", line 704, in _post
    )
      
  File "/home/shakhzodbtr/Desktop/attendancebot/venv/lib/python3.12/site-packages/telegram/ext/_extbot.py", line 370, in _do_post
    self._LOGGER.debug(
               ^^^^^^^^
  File "/home/shakhzodbtr/Desktop/attendancebot/venv/lib/python3.12/site-packages/telegram/_bot.py", line 733, in _do_post
    if caption is not None:
             ^^^^^^^^^^^^^^
  File "/home/shakhzodbtr/Desktop/attendancebot/venv/lib/python3.12/site-packages/telegram/request/_baserequest.py", line 198, in post
    The JSON response of the Bot API.
           ^^^^^^^^^^^^^^^^^^^^^^^^^^
  File "/home/shakhzodbtr/Desktop/attendancebot/venv/lib/python3.12/site-packages/telegram/request/_baserequest.py", line 375, in _request_wrapper
    # TG returns 404 Not found for
    ^^^^^^^^^^^^^^^
telegram.error.Conflict: Conflict: terminated by other getUpdates request; make sure that only one bot instance is running
2026-04-07 17:39:41,905 [INFO] httpx: HTTP Request: POST https://api.telegram.org/bot8340482546:AAFBsMQev3wuwj8gzOJL0r8-Vl8nN0SbwoA/getUpdates "HTTP/1.1 409 Conflict"
2026-04-07 17:39:41,906 [ERROR] telegram.ext.Application: No error handlers are registered, logging exception.
Traceback (most recent call last):
  File "/home/shakhzodbtr/Desktop/attendancebot/venv/lib/python3.12/site-packages/telegram/ext/_utils/networkloop.py", line 161, in network_retry_loop
  File "/home/shakhzodbtr/Desktop/attendancebot/venv/lib/python3.12/site-packages/telegram/ext/_utils/networkloop.py", line 154, in do_action
  File "/home/shakhzodbtr/Desktop/attendancebot/venv/lib/python3.12/site-packages/telegram/ext/_updater.py", line 340, in polling_action_cb
    await polling_ready.wait()
              ^^^^^^^^^^^^^^^^
  File "/home/shakhzodbtr/Desktop/attendancebot/venv/lib/python3.12/site-packages/telegram/ext/_extbot.py", line 672, in get_updates
    current_offset: Optional[str] = None,
              ^^^^^^^^^^^^^^^^^^^^^^^^^^^
  File "/home/shakhzodbtr/Desktop/attendancebot/venv/lib/python3.12/site-packages/telegram/_bot.py", line 4865, in get_updates
    , :obj:`True`.
  File "/home/shakhzodbtr/Desktop/attendancebot/venv/lib/python3.12/site-packages/telegram/_bot.py", line 704, in _post
    )
      
  File "/home/shakhzodbtr/Desktop/attendancebot/venv/lib/python3.12/site-packages/telegram/ext/_extbot.py", line 370, in _do_post
    self._LOGGER.debug(
               ^^^^^^^^
  File "/home/shakhzodbtr/Desktop/attendancebot/venv/lib/python3.12/site-packages/telegram/_bot.py", line 733, in _do_post
    if caption is not None:
             ^^^^^^^^^^^^^^
  File "/home/shakhzodbtr/Desktop/attendancebot/venv/lib/python3.12/site-packages/telegram/request/_baserequest.py", line 198, in post
    The JSON response of the Bot API.
           ^^^^^^^^^^^^^^^^^^^^^^^^^^
  File "/home/shakhzodbtr/Desktop/attendancebot/venv/lib/python3.12/site-packages/telegram/request/_baserequest.py", line 375, in _request_wrapper
    # TG returns 404 Not found for
    ^^^^^^^^^^^^^^^
telegram.error.Conflict: Conflict: terminated by other getUpdates request; make sure that only one bot instance is running
2026-04-07 17:40:16,914 [INFO] httpx: HTTP Request: POST https://api.telegram.org/bot8340482546:AAFBsMQev3wuwj8gzOJL0r8-Vl8nN0SbwoA/getUpdates "HTTP/1.1 409 Conflict"
2026-04-07 17:40:16,915 [ERROR] telegram.ext.Application: No error handlers are registered, logging exception.
Traceback (most recent call last):
  File "/home/shakhzodbtr/Desktop/attendancebot/venv/lib/python3.12/site-packages/telegram/ext/_utils/networkloop.py", line 161, in network_retry_loop
  File "/home/shakhzodbtr/Desktop/attendancebot/venv/lib/python3.12/site-packages/telegram/ext/_utils/networkloop.py", line 154, in do_action
  File "/home/shakhzodbtr/Desktop/attendancebot/venv/lib/python3.12/site-packages/telegram/ext/_updater.py", line 340, in polling_action_cb
    await polling_ready.wait()
              ^^^^^^^^^^^^^^^^
  File "/home/shakhzodbtr/Desktop/attendancebot/venv/lib/python3.12/site-packages/telegram/ext/_extbot.py", line 672, in get_updates
    current_offset: Optional[str] = None,
              ^^^^^^^^^^^^^^^^^^^^^^^^^^^
  File "/home/shakhzodbtr/Desktop/attendancebot/venv/lib/python3.12/site-packages/telegram/_bot.py", line 4865, in get_updates
    , :obj:`True`.
  File "/home/shakhzodbtr/Desktop/attendancebot/venv/lib/python3.12/site-packages/telegram/_bot.py", line 704, in _post
    )
      
  File "/home/shakhzodbtr/Desktop/attendancebot/venv/lib/python3.12/site-packages/telegram/ext/_extbot.py", line 370, in _do_post
    self._LOGGER.debug(
               ^^^^^^^^
  File "/home/shakhzodbtr/Desktop/attendancebot/venv/lib/python3.12/site-packages/telegram/_bot.py", line 733, in _do_post
    if caption is not None:
             ^^^^^^^^^^^^^^
  File "/home/shakhzodbtr/Desktop/attendancebot/venv/lib/python3.12/site-packages/telegram/request/_baserequest.py", line 198, in post
    The JSON response of the Bot API.
           ^^^^^^^^^^^^^^^^^^^^^^^^^^
  File "/home/shakhzodbtr/Desktop/attendancebot/venv/lib/python3.12/site-packages/telegram/request/_baserequest.py", line 375, in _request_wrapper
    # TG returns 404 Not found for
    ^^^^^^^^^^^^^^^
telegram.error.Conflict: Conflict: terminated by other getUpdates request; make sure that only one bot instance is running
2026-04-07 17:40:51,539 [INFO] httpx: HTTP Request: POST https://api.telegram.org/bot8340482546:AAFBsMQev3wuwj8gzOJL0r8-Vl8nN0SbwoA/getUpdates "HTTP/1.1 409 Conflict"
2026-04-07 17:40:51,540 [ERROR] telegram.ext.Application: No error handlers are registered, logging exception.
Traceback (most recent call last):
  File "/home/shakhzodbtr/Desktop/attendancebot/venv/lib/python3.12/site-packages/telegram/ext/_utils/networkloop.py", line 161, in network_retry_loop
  File "/home/shakhzodbtr/Desktop/attendancebot/venv/lib/python3.12/site-packages/telegram/ext/_utils/networkloop.py", line 154, in do_action
  File "/home/shakhzodbtr/Desktop/attendancebot/venv/lib/python3.12/site-packages/telegram/ext/_updater.py", line 340, in polling_action_cb
    await polling_ready.wait()
              ^^^^^^^^^^^^^^^^
  File "/home/shakhzodbtr/Desktop/attendancebot/venv/lib/python3.12/site-packages/telegram/ext/_extbot.py", line 672, in get_updates
    current_offset: Optional[str] = None,
              ^^^^^^^^^^^^^^^^^^^^^^^^^^^
  File "/home/shakhzodbtr/Desktop/attendancebot/venv/lib/python3.12/site-packages/telegram/_bot.py", line 4865, in get_updates
    , :obj:`True`.
  File "/home/shakhzodbtr/Desktop/attendancebot/venv/lib/python3.12/site-packages/telegram/_bot.py", line 704, in _post
    )
      
  File "/home/shakhzodbtr/Desktop/attendancebot/venv/lib/python3.12/site-packages/telegram/ext/_extbot.py", line 370, in _do_post
    self._LOGGER.debug(
               ^^^^^^^^
  File "/home/shakhzodbtr/Desktop/attendancebot/venv/lib/python3.12/site-packages/telegram/_bot.py", line 733, in _do_post
    if caption is not None:
             ^^^^^^^^^^^^^^
  File "/home/shakhzodbtr/Desktop/attendancebot/venv/lib/python3.12/site-packages/telegram/request/_baserequest.py", line 198, in post
    The JSON response of the Bot API.
           ^^^^^^^^^^^^^^^^^^^^^^^^^^
  File "/home/shakhzodbtr/Desktop/attendancebot/venv/lib/python3.12/site-packages/telegram/request/_baserequest.py", line 375, in _request_wrapper
    # TG returns 404 Not found for
    ^^^^^^^^^^^^^^^
telegram.error.Conflict: Conflict: terminated by other getUpdates request; make sure that only one bot instance is running
2026-04-07 17:41:26,128 [INFO] httpx: HTTP Request: POST https://api.telegram.org/bot8340482546:AAFBsMQev3wuwj8gzOJL0r8-Vl8nN0SbwoA/getUpdates "HTTP/1.1 200 OK"
2026-04-07 17:41:26,130 [INFO] telegram.ext.Application: Application is stopping. This might take a moment.
2026-04-07 17:41:26,130 [INFO] apscheduler.scheduler: Scheduler has been shut down
2026-04-07 17:41:26,140 [INFO] telegram.ext.Application: Application.stop() complete
